<?xml version="1.0" encoding="UTF-8"?>
<testng-results ignored="0" total="1" passed="1" failed="0" skipped="0">
  <reporter-output>
  </reporter-output>
  <suite started-at="2023-07-20T13:41:45 NPT" name="Default suite" finished-at="2023-07-20T13:42:25 NPT" duration-ms="40139">
    <groups>
    </groups>
    <test started-at="2023-07-20T13:41:45 NPT" name="Default test" finished-at="2023-07-20T13:42:25 NPT" duration-ms="40139">
      <class name="saucetest.BaseTest">
        <test-method is-config="true" signature="setup()[pri:0, instance:saucetest.BaseTest@1817d444]" started-at="2023-07-20T13:41:45 NPT" name="setup" finished-at="2023-07-20T13:41:49 NPT" duration-ms="4769" status="PASS">
          <reporter-output>
          </reporter-output>
        </test-method> <!-- setup -->
        <test-method signature="testCase()[pri:0, instance:saucetest.BaseTest@1817d444]" started-at="2023-07-20T13:41:49 NPT" name="testCase" finished-at="2023-07-20T13:42:25 NPT" duration-ms="35152" status="PASS">
          <reporter-output>
          </reporter-output>
        </test-method> <!-- testCase -->
        <test-method is-config="true" signature="tearDown()[pri:0, instance:saucetest.BaseTest@1817d444]" started-at="2023-07-20T13:42:25 NPT" name="tearDown" finished-at="2023-07-20T13:42:25 NPT" duration-ms="187" status="PASS">
          <reporter-output>
          </reporter-output>
        </test-method> <!-- tearDown -->
      </class> <!-- saucetest.BaseTest -->
    </test> <!-- Default test -->
  </suite> <!-- Default suite -->
</testng-results>
