<?xml version="1.0" encoding="UTF-8"?>
<testng-results ignored="0" total="1" passed="1" failed="0" skipped="0">
  <reporter-output>
  </reporter-output>
  <suite started-at="2023-07-19T10:19:33 NPT" name="Default suite" finished-at="2023-07-19T10:19:58 NPT" duration-ms="25717">
    <groups>
    </groups>
    <test started-at="2023-07-19T10:19:33 NPT" name="Default test" finished-at="2023-07-19T10:19:58 NPT" duration-ms="25717">
      <class name="saucetest.BaseTest">
        <test-method is-config="true" signature="setup()[pri:0, instance:saucetest.BaseTest@1817d444]" started-at="2023-07-19T10:19:33 NPT" name="setup" finished-at="2023-07-19T10:19:37 NPT" duration-ms="4620" status="PASS">
          <reporter-output>
          </reporter-output>
        </test-method> <!-- setup -->
        <test-method signature="testLoginWithValidCredentials()[pri:0, instance:saucetest.BaseTest@1817d444]" started-at="2023-07-19T10:19:37 NPT" name="testLoginWithValidCredentials" finished-at="2023-07-19T10:19:58 NPT" duration-ms="20880" status="PASS">
          <reporter-output>
          </reporter-output>
        </test-method> <!-- testLoginWithValidCredentials -->
        <test-method is-config="true" signature="tearDown()[pri:0, instance:saucetest.BaseTest@1817d444]" started-at="2023-07-19T10:19:58 NPT" name="tearDown" finished-at="2023-07-19T10:19:58 NPT" duration-ms="193" status="PASS">
          <reporter-output>
          </reporter-output>
        </test-method> <!-- tearDown -->
      </class> <!-- saucetest.BaseTest -->
    </test> <!-- Default test -->
  </suite> <!-- Default suite -->
</testng-results>
